2020-06-20 15:42:08.544 ERROR 39488 --- [restartedMain] o.s.b.c.l.LoggingApplicationListener     : Cannot set level:  for 'org'
2020-06-20 15:42:09.441  INFO 39488 --- [restartedMain] com.infy.org.kafka.KafkaServiceStarter   : Starting KafkaServiceStarter on BLRKEC287992L with PID 39488 (started by samrat.basu01 in D:\samrat.basu01\D-Drive\eclipse workspace\kafka-service-lates)
2020-06-20 15:42:09.447  INFO 39488 --- [restartedMain] com.infy.org.kafka.KafkaServiceStarter   : No active profile set, falling back to default profiles: default
2020-06-20 15:42:09.821  INFO 39488 --- [restartedMain] ConfigServletWebServerApplicationContext : Refreshing org.springframework.boot.web.servlet.context.AnnotationConfigServletWebServerApplicationContext@525018ef: startup date [Sat Jun 20 15:42:09 IST 2020]; root of context hierarchy
2020-06-20 15:42:15.028  INFO 39488 --- [restartedMain] f.a.AutowiredAnnotationBeanPostProcessor : JSR-330 'javax.inject.Inject' annotation found and supported for autowiring
2020-06-20 15:42:15.196  INFO 39488 --- [restartedMain] trationDelegate$BeanPostProcessorChecker : Bean 'org.springframework.kafka.annotation.KafkaBootstrapConfiguration' of type [org.springframework.kafka.annotation.KafkaBootstrapConfiguration$$EnhancerBySpringCGLIB$$fce98736] is not eligible for getting processed by all BeanPostProcessors (for example: not eligible for auto-proxying)
2020-06-20 15:42:17.116  INFO 39488 --- [restartedMain] o.s.b.w.embedded.tomcat.TomcatWebServer  : Tomcat initialized with port(s): 9000 (http)
2020-06-20 15:42:17.221  INFO 39488 --- [restartedMain] o.apache.catalina.core.StandardService   : Starting service [Tomcat]
2020-06-20 15:42:17.222  INFO 39488 --- [restartedMain] org.apache.catalina.core.StandardEngine  : Starting Servlet Engine: Apache Tomcat/8.5.28
2020-06-20 15:42:17.232  INFO 39488 --- [localhost-startStop-1] o.a.catalina.core.AprLifecycleListener   : The APR based Apache Tomcat Native library which allows optimal performance in production environments was not found on the java.library.path: [C:\Program Files\AdoptOpenJDK\jdk-8.0.202.08\jre\bin\compressedrefs;C:\Program Files\AdoptOpenJDK\jdk-8.0.202.08\jre\bin;C:\windows\system32;C:\windows;D:/openjdk-11.0.1_windows-x64_bin/jdk-11.0.1/bin/server;D:/openjdk-11.0.1_windows-x64_bin/jdk-11.0.1/bin;C:\Program Files\Python38\Scripts\;C:\Program Files\Python38\;C:\windows\system32;C:\windows;C:\windows\System32\Wbem;C:\windows\System32\WindowsPowerShell\v1.0\;C:\windows\System32\OpenSSH\;C:\Program Files (x86)\Sennheiser\SoftphoneSDK\;C:\Program Files\AdoptOpenJDK\jdk-8.0.202.08\bin;C:\Program Files\PuTTY\;C:\Program Files\MongoDB\Server\4.2\bin;C:\Program Files\Redis;C:\Program Files\TortoiseGit\bin;C:\Program Files\Microsoft SQL Server\130\Tools\Binn\;C:\Program Files\Microsoft SQL Server\Client SDK\ODBC\170\Tools\Binn\;C:\Program Files\Git\cmd;C:\Program Files\nodejs\;C:\Program Files\dotnet\;C:\Users\samrat.basu01\AppData\Local\Microsoft\WindowsApps;;C:\Users\samrat.basu01\AppData\Local\Programs\Microsoft VS Code\bin;C:\Users\samrat.basu01\AppData\Roaming\npm;C:\Program Files\JetBrains\IntelliJ IDEA 2020.1.1\bin;;C:\Users\samrat.basu01\Desktop;;.]
2020-06-20 15:42:17.436  INFO 39488 --- [localhost-startStop-1] o.a.c.c.C.[Tomcat].[localhost].[/]       : Initializing Spring embedded WebApplicationContext
2020-06-20 15:42:17.437  INFO 39488 --- [localhost-startStop-1] o.s.web.context.ContextLoader            : Root WebApplicationContext: initialization completed in 7616 ms
2020-06-20 15:42:17.797  INFO 39488 --- [localhost-startStop-1] o.s.b.w.servlet.ServletRegistrationBean  : Servlet dispatcherServlet mapped to [/]
2020-06-20 15:42:17.803  INFO 39488 --- [localhost-startStop-1] o.s.b.w.servlet.FilterRegistrationBean   : Mapping filter: 'characterEncodingFilter' to: [/*]
2020-06-20 15:42:17.804  INFO 39488 --- [localhost-startStop-1] o.s.b.w.servlet.FilterRegistrationBean   : Mapping filter: 'hiddenHttpMethodFilter' to: [/*]
2020-06-20 15:42:17.804  INFO 39488 --- [localhost-startStop-1] o.s.b.w.servlet.FilterRegistrationBean   : Mapping filter: 'httpPutFormContentFilter' to: [/*]
2020-06-20 15:42:17.804  INFO 39488 --- [localhost-startStop-1] o.s.b.w.servlet.FilterRegistrationBean   : Mapping filter: 'requestContextFilter' to: [/*]
2020-06-20 15:42:18.730  INFO 39488 --- [restartedMain] o.s.ui.freemarker.SpringTemplateLoader   : SpringTemplateLoader for FreeMarker: using resource loader [org.springframework.boot.web.servlet.context.AnnotationConfigServletWebServerApplicationContext@525018ef: startup date [Sat Jun 20 15:42:09 IST 2020]; root of context hierarchy] and template loader path [classpath:/templates/]
2020-06-20 15:42:18.757  INFO 39488 --- [restartedMain] o.s.w.s.v.f.FreeMarkerConfigurer         : ClassTemplateLoader for Spring macros added to FreeMarker configuration
2020-06-20 15:42:19.856  INFO 39488 --- [restartedMain] s.w.s.m.m.a.RequestMappingHandlerMapping : Mapped "{[/kafka/publish],methods=[POST]}" onto public org.springframework.http.ResponseEntity<?> com.infy.org.kafka.controller.KafkaController.sendMessageToKafkaTopic(java.lang.String,java.lang.String)
2020-06-20 15:42:19.858  INFO 39488 --- [restartedMain] s.w.s.m.m.a.RequestMappingHandlerMapping : Mapped "{[/v2/api-docs],methods=[GET],produces=[application/json || application/hal+json]}" onto public org.springframework.http.ResponseEntity<springfox.documentation.spring.web.json.Json> springfox.documentation.swagger2.web.Swagger2Controller.getDocumentation(java.lang.String,javax.servlet.http.HttpServletRequest)
2020-06-20 15:42:19.865  INFO 39488 --- [restartedMain] s.w.s.m.m.a.RequestMappingHandlerMapping : Mapped "{[/configuration/security]}" onto org.springframework.http.ResponseEntity<springfox.documentation.swagger.web.SecurityConfiguration> springfox.documentation.swagger.web.ApiResourceController.securityConfiguration()
2020-06-20 15:42:19.866  INFO 39488 --- [restartedMain] s.w.s.m.m.a.RequestMappingHandlerMapping : Mapped "{[/configuration/ui]}" onto org.springframework.http.ResponseEntity<springfox.documentation.swagger.web.UiConfiguration> springfox.documentation.swagger.web.ApiResourceController.uiConfiguration()
2020-06-20 15:42:19.868  INFO 39488 --- [restartedMain] s.w.s.m.m.a.RequestMappingHandlerMapping : Mapped "{[/swagger-resources]}" onto org.springframework.http.ResponseEntity<java.util.List<springfox.documentation.swagger.web.SwaggerResource>> springfox.documentation.swagger.web.ApiResourceController.swaggerResources()
2020-06-20 15:42:19.877  INFO 39488 --- [restartedMain] s.w.s.m.m.a.RequestMappingHandlerMapping : Mapped "{[/error],produces=[text/html]}" onto public org.springframework.web.servlet.ModelAndView org.springframework.boot.autoconfigure.web.servlet.error.BasicErrorController.errorHtml(javax.servlet.http.HttpServletRequest,javax.servlet.http.HttpServletResponse)
2020-06-20 15:42:19.878  INFO 39488 --- [restartedMain] s.w.s.m.m.a.RequestMappingHandlerMapping : Mapped "{[/error]}" onto public org.springframework.http.ResponseEntity<java.util.Map<java.lang.String, java.lang.Object>> org.springframework.boot.autoconfigure.web.servlet.error.BasicErrorController.error(javax.servlet.http.HttpServletRequest)
2020-06-20 15:42:20.526  INFO 39488 --- [restartedMain] s.w.s.m.m.a.RequestMappingHandlerAdapter : Looking for @ControllerAdvice: org.springframework.boot.web.servlet.context.AnnotationConfigServletWebServerApplicationContext@525018ef: startup date [Sat Jun 20 15:42:09 IST 2020]; root of context hierarchy
2020-06-20 15:42:20.700  INFO 39488 --- [restartedMain] o.s.w.s.handler.SimpleUrlHandlerMapping  : Mapped URL path [/webjars/**] onto handler of type [class org.springframework.web.servlet.resource.ResourceHttpRequestHandler]
2020-06-20 15:42:20.701  INFO 39488 --- [restartedMain] o.s.w.s.handler.SimpleUrlHandlerMapping  : Mapped URL path [/**] onto handler of type [class org.springframework.web.servlet.resource.ResourceHttpRequestHandler]
2020-06-20 15:42:20.784  INFO 39488 --- [restartedMain] o.s.w.s.handler.SimpleUrlHandlerMapping  : Mapped URL path [/**/favicon.ico] onto handler of type [class org.springframework.web.servlet.resource.ResourceHttpRequestHandler]
2020-06-20 15:42:20.981  WARN 39488 --- [restartedMain] o.s.b.a.f.FreeMarkerAutoConfiguration    : Cannot find template location(s): [classpath:/templates/] (please add some templates, check your FreeMarker configuration, or set spring.freemarker.checkTemplateLocation=false)
2020-06-20 15:42:24.768  INFO 39488 --- [restartedMain] o.s.b.d.a.OptionalLiveReloadServer       : LiveReload server is running on port 35729
2020-06-20 15:42:24.884  INFO 39488 --- [restartedMain] o.s.j.e.a.AnnotationMBeanExporter        : Registering beans for JMX exposure on startup
2020-06-20 15:42:25.116  INFO 39488 --- [restartedMain] o.s.c.support.DefaultLifecycleProcessor  : Starting beans in phase 2147483547
2020-06-20 15:42:25.204  INFO 39488 --- [restartedMain] o.a.k.clients.consumer.ConsumerConfig    : ConsumerConfig values: 
	auto.commit.interval.ms = 5000
	auto.offset.reset = earliest
	bootstrap.servers = [localhost:9092]
	check.crcs = true
	client.id = 
	connections.max.idle.ms = 540000
	enable.auto.commit = true
	exclude.internal.topics = true
	fetch.max.bytes = 52428800
	fetch.max.wait.ms = 500
	fetch.min.bytes = 1
	group.id = group_id
	heartbeat.interval.ms = 3000
	interceptor.classes = null
	internal.leave.group.on.close = true
	isolation.level = read_uncommitted
	key.deserializer = class org.apache.kafka.common.serialization.StringDeserializer
	max.partition.fetch.bytes = 1048576
	max.poll.interval.ms = 300000
	max.poll.records = 500
	metadata.max.age.ms = 300000
	metric.reporters = []
	metrics.num.samples = 2
	metrics.recording.level = INFO
	metrics.sample.window.ms = 30000
	partition.assignment.strategy = [class org.apache.kafka.clients.consumer.RangeAssignor]
	receive.buffer.bytes = 65536
	reconnect.backoff.max.ms = 1000
	reconnect.backoff.ms = 50
	request.timeout.ms = 305000
	retry.backoff.ms = 100
	sasl.jaas.config = null
	sasl.kerberos.kinit.cmd = /usr/bin/kinit
	sasl.kerberos.min.time.before.relogin = 60000
	sasl.kerberos.service.name = null
	sasl.kerberos.ticket.renew.jitter = 0.05
	sasl.kerberos.ticket.renew.window.factor = 0.8
	sasl.mechanism = GSSAPI
	security.protocol = PLAINTEXT
	send.buffer.bytes = 131072
	session.timeout.ms = 10000
	ssl.cipher.suites = null
	ssl.enabled.protocols = [TLSv1.2, TLSv1.1, TLSv1]
	ssl.endpoint.identification.algorithm = null
	ssl.key.password = null
	ssl.keymanager.algorithm = SunX509
	ssl.keystore.location = null
	ssl.keystore.password = null
	ssl.keystore.type = JKS
	ssl.protocol = TLS
	ssl.provider = null
	ssl.secure.random.implementation = null
	ssl.trustmanager.algorithm = PKIX
	ssl.truststore.location = null
	ssl.truststore.password = null
	ssl.truststore.type = JKS
	value.deserializer = class org.apache.kafka.common.serialization.StringDeserializer

2020-06-20 15:42:25.379  INFO 39488 --- [restartedMain] o.a.kafka.common.utils.AppInfoParser     : Kafka version : 1.0.0
2020-06-20 15:42:25.380  INFO 39488 --- [restartedMain] o.a.kafka.common.utils.AppInfoParser     : Kafka commitId : aaa7af6d4a11b29d
2020-06-20 15:42:25.392  INFO 39488 --- [restartedMain] o.s.s.c.ThreadPoolTaskScheduler          : Initializing ExecutorService 
2020-06-20 15:42:25.403  INFO 39488 --- [restartedMain] o.a.k.clients.consumer.ConsumerConfig    : ConsumerConfig values: 
	auto.commit.interval.ms = 5000
	auto.offset.reset = earliest
	bootstrap.servers = [localhost:9092]
	check.crcs = true
	client.id = 
	connections.max.idle.ms = 540000
	enable.auto.commit = true
	exclude.internal.topics = true
	fetch.max.bytes = 52428800
	fetch.max.wait.ms = 500
	fetch.min.bytes = 1
	group.id = group_id
	heartbeat.interval.ms = 3000
	interceptor.classes = null
	internal.leave.group.on.close = true
	isolation.level = read_uncommitted
	key.deserializer = class org.apache.kafka.common.serialization.StringDeserializer
	max.partition.fetch.bytes = 1048576
	max.poll.interval.ms = 300000
	max.poll.records = 500
	metadata.max.age.ms = 300000
	metric.reporters = []
	metrics.num.samples = 2
	metrics.recording.level = INFO
	metrics.sample.window.ms = 30000
	partition.assignment.strategy = [class org.apache.kafka.clients.consumer.RangeAssignor]
	receive.buffer.bytes = 65536
	reconnect.backoff.max.ms = 1000
	reconnect.backoff.ms = 50
	request.timeout.ms = 305000
	retry.backoff.ms = 100
	sasl.jaas.config = null
	sasl.kerberos.kinit.cmd = /usr/bin/kinit
	sasl.kerberos.min.time.before.relogin = 60000
	sasl.kerberos.service.name = null
	sasl.kerberos.ticket.renew.jitter = 0.05
	sasl.kerberos.ticket.renew.window.factor = 0.8
	sasl.mechanism = GSSAPI
	security.protocol = PLAINTEXT
	send.buffer.bytes = 131072
	session.timeout.ms = 10000
	ssl.cipher.suites = null
	ssl.enabled.protocols = [TLSv1.2, TLSv1.1, TLSv1]
	ssl.endpoint.identification.algorithm = null
	ssl.key.password = null
	ssl.keymanager.algorithm = SunX509
	ssl.keystore.location = null
	ssl.keystore.password = null
	ssl.keystore.type = JKS
	ssl.protocol = TLS
	ssl.provider = null
	ssl.secure.random.implementation = null
	ssl.trustmanager.algorithm = PKIX
	ssl.truststore.location = null
	ssl.truststore.password = null
	ssl.truststore.type = JKS
	value.deserializer = class org.apache.kafka.common.serialization.StringDeserializer

2020-06-20 15:42:25.422  INFO 39488 --- [restartedMain] o.a.kafka.common.utils.AppInfoParser     : Kafka version : 1.0.0
2020-06-20 15:42:25.423  INFO 39488 --- [restartedMain] o.a.kafka.common.utils.AppInfoParser     : Kafka commitId : aaa7af6d4a11b29d
2020-06-20 15:42:25.423  INFO 39488 --- [restartedMain] o.s.s.c.ThreadPoolTaskScheduler          : Initializing ExecutorService 
2020-06-20 15:42:25.426  INFO 39488 --- [restartedMain] o.a.k.clients.consumer.ConsumerConfig    : ConsumerConfig values: 
	auto.commit.interval.ms = 5000
	auto.offset.reset = earliest
	bootstrap.servers = [localhost:9092]
	check.crcs = true
	client.id = 
	connections.max.idle.ms = 540000
	enable.auto.commit = true
	exclude.internal.topics = true
	fetch.max.bytes = 52428800
	fetch.max.wait.ms = 500
	fetch.min.bytes = 1
	group.id = group_id
	heartbeat.interval.ms = 3000
	interceptor.classes = null
	internal.leave.group.on.close = true
	isolation.level = read_uncommitted
	key.deserializer = class org.apache.kafka.common.serialization.StringDeserializer
	max.partition.fetch.bytes = 1048576
	max.poll.interval.ms = 300000
	max.poll.records = 500
	metadata.max.age.ms = 300000
	metric.reporters = []
	metrics.num.samples = 2
	metrics.recording.level = INFO
	metrics.sample.window.ms = 30000
	partition.assignment.strategy = [class org.apache.kafka.clients.consumer.RangeAssignor]
	receive.buffer.bytes = 65536
	reconnect.backoff.max.ms = 1000
	reconnect.backoff.ms = 50
	request.timeout.ms = 305000
	retry.backoff.ms = 100
	sasl.jaas.config = null
	sasl.kerberos.kinit.cmd = /usr/bin/kinit
	sasl.kerberos.min.time.before.relogin = 60000
	sasl.kerberos.service.name = null
	sasl.kerberos.ticket.renew.jitter = 0.05
	sasl.kerberos.ticket.renew.window.factor = 0.8
	sasl.mechanism = GSSAPI
	security.protocol = PLAINTEXT
	send.buffer.bytes = 131072
	session.timeout.ms = 10000
	ssl.cipher.suites = null
	ssl.enabled.protocols = [TLSv1.2, TLSv1.1, TLSv1]
	ssl.endpoint.identification.algorithm = null
	ssl.key.password = null
	ssl.keymanager.algorithm = SunX509
	ssl.keystore.location = null
	ssl.keystore.password = null
	ssl.keystore.type = JKS
	ssl.protocol = TLS
	ssl.provider = null
	ssl.secure.random.implementation = null
	ssl.trustmanager.algorithm = PKIX
	ssl.truststore.location = null
	ssl.truststore.password = null
	ssl.truststore.type = JKS
	value.deserializer = class org.apache.kafka.common.serialization.StringDeserializer

2020-06-20 15:42:25.444  INFO 39488 --- [restartedMain] o.a.kafka.common.utils.AppInfoParser     : Kafka version : 1.0.0
2020-06-20 15:42:25.444  INFO 39488 --- [restartedMain] o.a.kafka.common.utils.AppInfoParser     : Kafka commitId : aaa7af6d4a11b29d
2020-06-20 15:42:25.445  INFO 39488 --- [restartedMain] o.s.s.c.ThreadPoolTaskScheduler          : Initializing ExecutorService 
2020-06-20 15:42:25.447  INFO 39488 --- [restartedMain] o.a.k.clients.consumer.ConsumerConfig    : ConsumerConfig values: 
	auto.commit.interval.ms = 5000
	auto.offset.reset = earliest
	bootstrap.servers = [localhost:9092]
	check.crcs = true
	client.id = 
	connections.max.idle.ms = 540000
	enable.auto.commit = true
	exclude.internal.topics = true
	fetch.max.bytes = 52428800
	fetch.max.wait.ms = 500
	fetch.min.bytes = 1
	group.id = group_id
	heartbeat.interval.ms = 3000
	interceptor.classes = null
	internal.leave.group.on.close = true
	isolation.level = read_uncommitted
	key.deserializer = class org.apache.kafka.common.serialization.StringDeserializer
	max.partition.fetch.bytes = 1048576
	max.poll.interval.ms = 300000
	max.poll.records = 500
	metadata.max.age.ms = 300000
	metric.reporters = []
	metrics.num.samples = 2
	metrics.recording.level = INFO
	metrics.sample.window.ms = 30000
	partition.assignment.strategy = [class org.apache.kafka.clients.consumer.RangeAssignor]
	receive.buffer.bytes = 65536
	reconnect.backoff.max.ms = 1000
	reconnect.backoff.ms = 50
	request.timeout.ms = 305000
	retry.backoff.ms = 100
	sasl.jaas.config = null
	sasl.kerberos.kinit.cmd = /usr/bin/kinit
	sasl.kerberos.min.time.before.relogin = 60000
	sasl.kerberos.service.name = null
	sasl.kerberos.ticket.renew.jitter = 0.05
	sasl.kerberos.ticket.renew.window.factor = 0.8
	sasl.mechanism = GSSAPI
	security.protocol = PLAINTEXT
	send.buffer.bytes = 131072
	session.timeout.ms = 10000
	ssl.cipher.suites = null
	ssl.enabled.protocols = [TLSv1.2, TLSv1.1, TLSv1]
	ssl.endpoint.identification.algorithm = null
	ssl.key.password = null
	ssl.keymanager.algorithm = SunX509
	ssl.keystore.location = null
	ssl.keystore.password = null
	ssl.keystore.type = JKS
	ssl.protocol = TLS
	ssl.provider = null
	ssl.secure.random.implementation = null
	ssl.trustmanager.algorithm = PKIX
	ssl.truststore.location = null
	ssl.truststore.password = null
	ssl.truststore.type = JKS
	value.deserializer = class org.apache.kafka.common.serialization.StringDeserializer

2020-06-20 15:42:25.467  INFO 39488 --- [restartedMain] o.a.kafka.common.utils.AppInfoParser     : Kafka version : 1.0.0
2020-06-20 15:42:25.467  INFO 39488 --- [restartedMain] o.a.kafka.common.utils.AppInfoParser     : Kafka commitId : aaa7af6d4a11b29d
2020-06-20 15:42:25.468  INFO 39488 --- [restartedMain] o.s.s.c.ThreadPoolTaskScheduler          : Initializing ExecutorService 
2020-06-20 15:42:25.469  INFO 39488 --- [restartedMain] o.a.k.clients.consumer.ConsumerConfig    : ConsumerConfig values: 
	auto.commit.interval.ms = 5000
	auto.offset.reset = earliest
	bootstrap.servers = [localhost:9092]
	check.crcs = true
	client.id = 
	connections.max.idle.ms = 540000
	enable.auto.commit = true
	exclude.internal.topics = true
	fetch.max.bytes = 52428800
	fetch.max.wait.ms = 500
	fetch.min.bytes = 1
	group.id = group_id
	heartbeat.interval.ms = 3000
	interceptor.classes = null
	internal.leave.group.on.close = true
	isolation.level = read_uncommitted
	key.deserializer = class org.apache.kafka.common.serialization.StringDeserializer
	max.partition.fetch.bytes = 1048576
	max.poll.interval.ms = 300000
	max.poll.records = 500
	metadata.max.age.ms = 300000
	metric.reporters = []
	metrics.num.samples = 2
	metrics.recording.level = INFO
	metrics.sample.window.ms = 30000
	partition.assignment.strategy = [class org.apache.kafka.clients.consumer.RangeAssignor]
	receive.buffer.bytes = 65536
	reconnect.backoff.max.ms = 1000
	reconnect.backoff.ms = 50
	request.timeout.ms = 305000
	retry.backoff.ms = 100
	sasl.jaas.config = null
	sasl.kerberos.kinit.cmd = /usr/bin/kinit
	sasl.kerberos.min.time.before.relogin = 60000
	sasl.kerberos.service.name = null
	sasl.kerberos.ticket.renew.jitter = 0.05
	sasl.kerberos.ticket.renew.window.factor = 0.8
	sasl.mechanism = GSSAPI
	security.protocol = PLAINTEXT
	send.buffer.bytes = 131072
	session.timeout.ms = 10000
	ssl.cipher.suites = null
	ssl.enabled.protocols = [TLSv1.2, TLSv1.1, TLSv1]
	ssl.endpoint.identification.algorithm = null
	ssl.key.password = null
	ssl.keymanager.algorithm = SunX509
	ssl.keystore.location = null
	ssl.keystore.password = null
	ssl.keystore.type = JKS
	ssl.protocol = TLS
	ssl.provider = null
	ssl.secure.random.implementation = null
	ssl.trustmanager.algorithm = PKIX
	ssl.truststore.location = null
	ssl.truststore.password = null
	ssl.truststore.type = JKS
	value.deserializer = class org.apache.kafka.common.serialization.StringDeserializer

2020-06-20 15:42:25.488  INFO 39488 --- [restartedMain] o.a.kafka.common.utils.AppInfoParser     : Kafka version : 1.0.0
2020-06-20 15:42:25.488  INFO 39488 --- [restartedMain] o.a.kafka.common.utils.AppInfoParser     : Kafka commitId : aaa7af6d4a11b29d
2020-06-20 15:42:25.489  INFO 39488 --- [restartedMain] o.s.s.c.ThreadPoolTaskScheduler          : Initializing ExecutorService 
2020-06-20 15:42:25.511  INFO 39488 --- [restartedMain] d.s.w.p.DocumentationPluginsBootstrapper : Context refreshed
2020-06-20 15:42:25.550  INFO 39488 --- [restartedMain] d.s.w.p.DocumentationPluginsBootstrapper : Found 1 custom documentation plugin(s)
2020-06-20 15:42:25.562  INFO 39488 --- [restartedMain] s.d.s.w.s.ApiListingReferenceScanner     : Scanning for api listing references
2020-06-20 15:42:25.771  INFO 39488 --- [org.springframework.kafka.KafkaListenerEndpointContainer#2-0-C-1] o.a.k.c.c.internals.AbstractCoordinator  : [Consumer clientId=consumer-1, groupId=group_id] Discovered coordinator BLRKEC287992L.ad.infosys.com:9092 (id: 2147483647 rack: null)
2020-06-20 15:42:25.772  INFO 39488 --- [org.springframework.kafka.KafkaListenerEndpointContainer#3-0-C-1] o.a.k.c.c.internals.AbstractCoordinator  : [Consumer clientId=consumer-2, groupId=group_id] Discovered coordinator BLRKEC287992L.ad.infosys.com:9092 (id: 2147483647 rack: null)
2020-06-20 15:42:25.771  INFO 39488 --- [org.springframework.kafka.KafkaListenerEndpointContainer#1-0-C-1] o.a.k.c.c.internals.AbstractCoordinator  : [Consumer clientId=consumer-5, groupId=group_id] Discovered coordinator BLRKEC287992L.ad.infosys.com:9092 (id: 2147483647 rack: null)
2020-06-20 15:42:25.771  INFO 39488 --- [org.springframework.kafka.KafkaListenerEndpointContainer#4-0-C-1] o.a.k.c.c.internals.AbstractCoordinator  : [Consumer clientId=consumer-3, groupId=group_id] Discovered coordinator BLRKEC287992L.ad.infosys.com:9092 (id: 2147483647 rack: null)
2020-06-20 15:42:25.772  INFO 39488 --- [org.springframework.kafka.KafkaListenerEndpointContainer#0-0-C-1] o.a.k.c.c.internals.AbstractCoordinator  : [Consumer clientId=consumer-4, groupId=group_id] Discovered coordinator BLRKEC287992L.ad.infosys.com:9092 (id: 2147483647 rack: null)
2020-06-20 15:42:25.779  INFO 39488 --- [org.springframework.kafka.KafkaListenerEndpointContainer#2-0-C-1] o.a.k.c.c.internals.ConsumerCoordinator  : [Consumer clientId=consumer-1, groupId=group_id] Revoking previously assigned partitions []
2020-06-20 15:42:25.779  INFO 39488 --- [org.springframework.kafka.KafkaListenerEndpointContainer#2-0-C-1] o.s.k.l.KafkaMessageListenerContainer    : partitions revoked: []
2020-06-20 15:42:25.779  INFO 39488 --- [org.springframework.kafka.KafkaListenerEndpointContainer#1-0-C-1] o.a.k.c.c.internals.ConsumerCoordinator  : [Consumer clientId=consumer-5, groupId=group_id] Revoking previously assigned partitions []
2020-06-20 15:42:25.780  INFO 39488 --- [org.springframework.kafka.KafkaListenerEndpointContainer#2-0-C-1] o.a.k.c.c.internals.AbstractCoordinator  : [Consumer clientId=consumer-1, groupId=group_id] (Re-)joining group
2020-06-20 15:42:25.781  INFO 39488 --- [org.springframework.kafka.KafkaListenerEndpointContainer#1-0-C-1] o.s.k.l.KafkaMessageListenerContainer    : partitions revoked: []
2020-06-20 15:42:25.782  INFO 39488 --- [org.springframework.kafka.KafkaListenerEndpointContainer#1-0-C-1] o.a.k.c.c.internals.AbstractCoordinator  : [Consumer clientId=consumer-5, groupId=group_id] (Re-)joining group
2020-06-20 15:42:25.779  INFO 39488 --- [org.springframework.kafka.KafkaListenerEndpointContainer#4-0-C-1] o.a.k.c.c.internals.ConsumerCoordinator  : [Consumer clientId=consumer-3, groupId=group_id] Revoking previously assigned partitions []
2020-06-20 15:42:25.782  INFO 39488 --- [org.springframework.kafka.KafkaListenerEndpointContainer#4-0-C-1] o.s.k.l.KafkaMessageListenerContainer    : partitions revoked: []
2020-06-20 15:42:25.783  INFO 39488 --- [org.springframework.kafka.KafkaListenerEndpointContainer#4-0-C-1] o.a.k.c.c.internals.AbstractCoordinator  : [Consumer clientId=consumer-3, groupId=group_id] (Re-)joining group
2020-06-20 15:42:25.785  INFO 39488 --- [org.springframework.kafka.KafkaListenerEndpointContainer#3-0-C-1] o.a.k.c.c.internals.ConsumerCoordinator  : [Consumer clientId=consumer-2, groupId=group_id] Revoking previously assigned partitions []
2020-06-20 15:42:25.786  INFO 39488 --- [org.springframework.kafka.KafkaListenerEndpointContainer#3-0-C-1] o.s.k.l.KafkaMessageListenerContainer    : partitions revoked: []
2020-06-20 15:42:25.786  INFO 39488 --- [org.springframework.kafka.KafkaListenerEndpointContainer#3-0-C-1] o.a.k.c.c.internals.AbstractCoordinator  : [Consumer clientId=consumer-2, groupId=group_id] (Re-)joining group
2020-06-20 15:42:25.806  INFO 39488 --- [org.springframework.kafka.KafkaListenerEndpointContainer#0-0-C-1] o.a.k.c.c.internals.ConsumerCoordinator  : [Consumer clientId=consumer-4, groupId=group_id] Revoking previously assigned partitions []
2020-06-20 15:42:25.807  INFO 39488 --- [org.springframework.kafka.KafkaListenerEndpointContainer#0-0-C-1] o.s.k.l.KafkaMessageListenerContainer    : partitions revoked: []
2020-06-20 15:42:25.810  INFO 39488 --- [org.springframework.kafka.KafkaListenerEndpointContainer#0-0-C-1] o.a.k.c.c.internals.AbstractCoordinator  : [Consumer clientId=consumer-4, groupId=group_id] (Re-)joining group
2020-06-20 15:42:25.812  INFO 39488 --- [restartedMain] o.s.b.w.embedded.tomcat.TomcatWebServer  : Tomcat started on port(s): 9000 (http) with context path ''
2020-06-20 15:42:25.820  INFO 39488 --- [restartedMain] com.infy.org.kafka.KafkaServiceStarter   : Started KafkaServiceStarter in 18.749 seconds (JVM running for 21.334)
2020-06-20 15:42:25.993  INFO 39488 --- [org.springframework.kafka.KafkaListenerEndpointContainer#2-0-C-1] o.a.k.c.c.internals.AbstractCoordinator  : [Consumer clientId=consumer-1, groupId=group_id] Successfully joined group with generation 33
2020-06-20 15:42:25.994  INFO 39488 --- [org.springframework.kafka.KafkaListenerEndpointContainer#0-0-C-1] o.a.k.c.c.internals.AbstractCoordinator  : [Consumer clientId=consumer-4, groupId=group_id] Successfully joined group with generation 33
2020-06-20 15:42:25.995  INFO 39488 --- [org.springframework.kafka.KafkaListenerEndpointContainer#1-0-C-1] o.a.k.c.c.internals.AbstractCoordinator  : [Consumer clientId=consumer-5, groupId=group_id] Successfully joined group with generation 33
2020-06-20 15:42:25.995  INFO 39488 --- [org.springframework.kafka.KafkaListenerEndpointContainer#4-0-C-1] o.a.k.c.c.internals.AbstractCoordinator  : [Consumer clientId=consumer-3, groupId=group_id] Successfully joined group with generation 33
2020-06-20 15:42:25.995  INFO 39488 --- [org.springframework.kafka.KafkaListenerEndpointContainer#2-0-C-1] o.a.k.c.c.internals.ConsumerCoordinator  : [Consumer clientId=consumer-1, groupId=group_id] Setting newly assigned partitions [course-0]
2020-06-20 15:42:25.995  INFO 39488 --- [org.springframework.kafka.KafkaListenerEndpointContainer#0-0-C-1] o.a.k.c.c.internals.ConsumerCoordinator  : [Consumer clientId=consumer-4, groupId=group_id] Setting newly assigned partitions [appreciation-0]
2020-06-20 15:42:25.995  INFO 39488 --- [org.springframework.kafka.KafkaListenerEndpointContainer#4-0-C-1] o.a.k.c.c.internals.ConsumerCoordinator  : [Consumer clientId=consumer-3, groupId=group_id] Setting newly assigned partitions [jiratask-0]
2020-06-20 15:42:25.996  INFO 39488 --- [org.springframework.kafka.KafkaListenerEndpointContainer#1-0-C-1] o.a.k.c.c.internals.ConsumerCoordinator  : [Consumer clientId=consumer-5, groupId=group_id] Setting newly assigned partitions [feedback-0]
2020-06-20 15:42:25.996  INFO 39488 --- [org.springframework.kafka.KafkaListenerEndpointContainer#3-0-C-1] o.a.k.c.c.internals.AbstractCoordinator  : [Consumer clientId=consumer-2, groupId=group_id] Successfully joined group with generation 33
2020-06-20 15:42:25.997  INFO 39488 --- [org.springframework.kafka.KafkaListenerEndpointContainer#3-0-C-1] o.a.k.c.c.internals.ConsumerCoordinator  : [Consumer clientId=consumer-2, groupId=group_id] Setting newly assigned partitions [task-0]
2020-06-20 15:42:26.008  INFO 39488 --- [org.springframework.kafka.KafkaListenerEndpointContainer#1-0-C-1] o.s.k.l.KafkaMessageListenerContainer    : partitions assigned: [feedback-0]
2020-06-20 15:42:26.009  INFO 39488 --- [org.springframework.kafka.KafkaListenerEndpointContainer#0-0-C-1] o.s.k.l.KafkaMessageListenerContainer    : partitions assigned: [appreciation-0]
2020-06-20 15:42:26.008  INFO 39488 --- [org.springframework.kafka.KafkaListenerEndpointContainer#3-0-C-1] o.s.k.l.KafkaMessageListenerContainer    : partitions assigned: [task-0]
2020-06-20 15:42:26.010  INFO 39488 --- [org.springframework.kafka.KafkaListenerEndpointContainer#4-0-C-1] o.s.k.l.KafkaMessageListenerContainer    : partitions assigned: [jiratask-0]
2020-06-20 15:42:26.009  INFO 39488 --- [org.springframework.kafka.KafkaListenerEndpointContainer#2-0-C-1] o.s.k.l.KafkaMessageListenerContainer    : partitions assigned: [course-0]
2020-06-20 15:43:05.589  INFO 39488 --- [http-nio-9000-exec-1] o.a.c.c.C.[Tomcat].[localhost].[/]       : Initializing Spring FrameworkServlet 'dispatcherServlet'
2020-06-20 15:43:05.590  INFO 39488 --- [http-nio-9000-exec-1] o.s.web.servlet.DispatcherServlet        : FrameworkServlet 'dispatcherServlet': initialization started
2020-06-20 15:43:05.627  INFO 39488 --- [http-nio-9000-exec-1] o.s.web.servlet.DispatcherServlet        : FrameworkServlet 'dispatcherServlet': initialization completed in 37 ms
2020-06-20 15:43:05.681  INFO 39488 --- [http-nio-9000-exec-1] c.i.o.kafka.controller.KafkaController   : Message came for publish is :{"id":null,"employeeId":null,"name":"samrat.basu01@infosys.com","email":"samrat.basu01@infosys.com","date":0,"istask":null,"category":null,"appreciation":null,"course":null,"feedback":null,"task":null}
2020-06-20 15:43:05.682  INFO 39488 --- [http-nio-9000-exec-1] com.infy.org.kafka.service.Producer      : $$ -> Producing message --> {"id":null,"employeeId":null,"name":"samrat.basu01@infosys.com","email":"samrat.basu01@infosys.com","date":0,"istask":null,"category":null,"appreciation":null,"course":null,"feedback":null,"task":null}
2020-06-20 15:43:05.682  INFO 39488 --- [http-nio-9000-exec-1] com.infy.org.kafka.service.Producer      : topic name :jiratask
2020-06-20 15:43:05.711  INFO 39488 --- [http-nio-9000-exec-1] o.a.k.clients.producer.ProducerConfig    : ProducerConfig values: 
	acks = 1
	batch.size = 16384
	bootstrap.servers = [localhost:9092]
	buffer.memory = 33554432
	client.id = 
	compression.type = none
	connections.max.idle.ms = 540000
	enable.idempotence = false
	interceptor.classes = null
	key.serializer = class org.apache.kafka.common.serialization.StringSerializer
	linger.ms = 0
	max.block.ms = 60000
	max.in.flight.requests.per.connection = 5
	max.request.size = 1048576
	metadata.max.age.ms = 300000
	metric.reporters = []
	metrics.num.samples = 2
	metrics.recording.level = INFO
	metrics.sample.window.ms = 30000
	partitioner.class = class org.apache.kafka.clients.producer.internals.DefaultPartitioner
	receive.buffer.bytes = 32768
	reconnect.backoff.max.ms = 1000
	reconnect.backoff.ms = 50
	request.timeout.ms = 30000
	retries = 0
	retry.backoff.ms = 100
	sasl.jaas.config = null
	sasl.kerberos.kinit.cmd = /usr/bin/kinit
	sasl.kerberos.min.time.before.relogin = 60000
	sasl.kerberos.service.name = null
	sasl.kerberos.ticket.renew.jitter = 0.05
	sasl.kerberos.ticket.renew.window.factor = 0.8
	sasl.mechanism = GSSAPI
	security.protocol = PLAINTEXT
	send.buffer.bytes = 131072
	ssl.cipher.suites = null
	ssl.enabled.protocols = [TLSv1.2, TLSv1.1, TLSv1]
	ssl.endpoint.identification.algorithm = null
	ssl.key.password = null
	ssl.keymanager.algorithm = SunX509
	ssl.keystore.location = null
	ssl.keystore.password = null
	ssl.keystore.type = JKS
	ssl.protocol = TLS
	ssl.provider = null
	ssl.secure.random.implementation = null
	ssl.trustmanager.algorithm = PKIX
	ssl.truststore.location = null
	ssl.truststore.password = null
	ssl.truststore.type = JKS
	transaction.timeout.ms = 60000
	transactional.id = null
	value.serializer = class org.apache.kafka.common.serialization.StringSerializer

2020-06-20 15:43:05.753  INFO 39488 --- [http-nio-9000-exec-1] o.a.kafka.common.utils.AppInfoParser     : Kafka version : 1.0.0
2020-06-20 15:43:05.753  INFO 39488 --- [http-nio-9000-exec-1] o.a.kafka.common.utils.AppInfoParser     : Kafka commitId : aaa7af6d4a11b29d
2020-06-20 15:43:05.860  INFO 39488 --- [org.springframework.kafka.KafkaListenerEndpointContainer#4-0-C-1] com.infy.org.kafka.service.Consumer      : Inside consumer service Jira Task.
2020-06-20 15:43:05.861  INFO 39488 --- [org.springframework.kafka.KafkaListenerEndpointContainer#4-0-C-1] com.infy.org.kafka.mail.Processor        : Inside parser payload
2020-06-20 15:43:05.908  INFO 39488 --- [org.springframework.kafka.KafkaListenerEndpointContainer#4-0-C-1] com.infy.org.kafka.mail.Processor        : parent course receiver emails :samrat.basu01@infosys.com
2020-06-20 15:43:05.909  INFO 39488 --- [org.springframework.kafka.KafkaListenerEndpointContainer#4-0-C-1] com.infy.org.kafka.mail.Processor        : Sending emails to : samrat.basu01@infosys.com name :samrat.basu01@infosys.com Sent from :
2020-06-20 15:43:10.973  INFO 39488 --- [org.springframework.kafka.KafkaListenerEndpointContainer#4-0-C-1] com.infy.org.kafka.service.Consumer      : $$ -> Message Consumed and email sent successful for this message -> {"id":null,"employeeId":null,"name":"samrat.basu01@infosys.com","email":"samrat.basu01@infosys.com","date":0,"istask":null,"category":null,"appreciation":null,"course":null,"feedback":null,"task":null}
2020-06-20 15:45:56.601  INFO 39488 --- [http-nio-9000-exec-2] c.i.o.kafka.controller.KafkaController   : Message came for publish is :{"id":null,"employeeId":null,"name":"samtina.basu@infosys.com","email":"samtina.basu@infosys.com","date":0,"istask":null,"category":null,"appreciation":null,"course":null,"feedback":null,"task":null}
2020-06-20 15:45:56.603  INFO 39488 --- [http-nio-9000-exec-2] com.infy.org.kafka.service.Producer      : $$ -> Producing message --> {"id":null,"employeeId":null,"name":"samtina.basu@infosys.com","email":"samtina.basu@infosys.com","date":0,"istask":null,"category":null,"appreciation":null,"course":null,"feedback":null,"task":null}
2020-06-20 15:45:56.603  INFO 39488 --- [http-nio-9000-exec-2] com.infy.org.kafka.service.Producer      : topic name :jiratask
2020-06-20 15:45:56.610  INFO 39488 --- [org.springframework.kafka.KafkaListenerEndpointContainer#4-0-C-1] com.infy.org.kafka.service.Consumer      : Inside consumer service Jira Task.
2020-06-20 15:45:56.611  INFO 39488 --- [org.springframework.kafka.KafkaListenerEndpointContainer#4-0-C-1] com.infy.org.kafka.mail.Processor        : Inside parser payload
2020-06-20 15:45:56.613  INFO 39488 --- [org.springframework.kafka.KafkaListenerEndpointContainer#4-0-C-1] com.infy.org.kafka.mail.Processor        : parent course receiver emails :samtina.basu@infosys.com
2020-06-20 15:45:56.614  INFO 39488 --- [org.springframework.kafka.KafkaListenerEndpointContainer#4-0-C-1] com.infy.org.kafka.mail.Processor        : Sending emails to : samtina.basu@infosys.com name :samtina.basu@infosys.com Sent from :
2020-06-20 15:46:00.449  INFO 39488 --- [org.springframework.kafka.KafkaListenerEndpointContainer#4-0-C-1] com.infy.org.kafka.service.Consumer      : $$ -> Message Consumed and email sent successful for this message -> {"id":null,"employeeId":null,"name":"samtina.basu@infosys.com","email":"samtina.basu@infosys.com","date":0,"istask":null,"category":null,"appreciation":null,"course":null,"feedback":null,"task":null}
2020-06-20 15:46:33.536  INFO 39488 --- [http-nio-9000-exec-3] c.i.o.kafka.controller.KafkaController   : Message came for publish is :{"id":"5eede2010aaea510c4e9a26a","employeeId":"1047617","name":"Samrat Basu","email":"samrat.basu01@infosys.com","date":1591842658,"istask":null,"category":"feedback","appreciation":null,"course":null,"feedback":[{"feedbackerName":"Sekhar Dev","feedbackerEmail":"samtina.basu@gmail.com","feedbackName":"Goal Setting","feedbackDesc":"Good work","feedbackDate":1592044912,"fileInfo":[{"fileName":"ON_US Payload from PPM.txt","filePath":"D:\\input-file\\2930788311884997368\\ON_US Payload from PPM.txt"}]}],"task":null}
2020-06-20 15:46:33.537  INFO 39488 --- [http-nio-9000-exec-3] com.infy.org.kafka.service.Producer      : $$ -> Producing message --> {"id":"5eede2010aaea510c4e9a26a","employeeId":"1047617","name":"Samrat Basu","email":"samrat.basu01@infosys.com","date":1591842658,"istask":null,"category":"feedback","appreciation":null,"course":null,"feedback":[{"feedbackerName":"Sekhar Dev","feedbackerEmail":"samtina.basu@gmail.com","feedbackName":"Goal Setting","feedbackDesc":"Good work","feedbackDate":1592044912,"fileInfo":[{"fileName":"ON_US Payload from PPM.txt","filePath":"D:\\input-file\\2930788311884997368\\ON_US Payload from PPM.txt"}]}],"task":null}
2020-06-20 15:46:33.537  INFO 39488 --- [http-nio-9000-exec-3] com.infy.org.kafka.service.Producer      : topic name :feedback
2020-06-20 15:46:33.548  INFO 39488 --- [org.springframework.kafka.KafkaListenerEndpointContainer#1-0-C-1] com.infy.org.kafka.service.Consumer      : Inside consumer service Feedback.
2020-06-20 15:46:33.549  INFO 39488 --- [org.springframework.kafka.KafkaListenerEndpointContainer#1-0-C-1] com.infy.org.kafka.mail.Processor        : Inside parser payload
2020-06-20 15:46:33.551  INFO 39488 --- [org.springframework.kafka.KafkaListenerEndpointContainer#1-0-C-1] com.infy.org.kafka.mail.Processor        : parent feedback receiver emails :samrat.basu01@infosys.com
2020-06-20 15:46:33.551  INFO 39488 --- [org.springframework.kafka.KafkaListenerEndpointContainer#1-0-C-1] com.infy.org.kafka.mail.Processor        : Child  feedback giver email :"samtina.basu@gmail.com"
2020-06-20 15:46:33.552  INFO 39488 --- [org.springframework.kafka.KafkaListenerEndpointContainer#1-0-C-1] com.infy.org.kafka.mail.Processor        : Sending emails to : samrat.basu01@infosys.com name :Samrat Basu Sent from :Sekhar Dev
2020-06-20 15:46:37.375  INFO 39488 --- [org.springframework.kafka.KafkaListenerEndpointContainer#1-0-C-1] com.infy.org.kafka.mail.Processor        : Sending emails to : samtina.basu@gmail.com name :Sekhar Dev Sent from :Samrat Basu
2020-06-20 15:46:40.885  INFO 39488 --- [org.springframework.kafka.KafkaListenerEndpointContainer#1-0-C-1] com.infy.org.kafka.service.Consumer      : $$ -> Message Consumed and email sent successful for this message -> {"id":"5eede2010aaea510c4e9a26a","employeeId":"1047617","name":"Samrat Basu","email":"samrat.basu01@infosys.com","date":1591842658,"istask":null,"category":"feedback","appreciation":null,"course":null,"feedback":[{"feedbackerName":"Sekhar Dev","feedbackerEmail":"samtina.basu@gmail.com","feedbackName":"Goal Setting","feedbackDesc":"Good work","feedbackDate":1592044912,"fileInfo":[{"fileName":"ON_US Payload from PPM.txt","filePath":"D:\\input-file\\2930788311884997368\\ON_US Payload from PPM.txt"}]}],"task":null}
2020-06-20 15:55:27.083  INFO 39488 --- [http-nio-9000-exec-7] c.i.o.kafka.controller.KafkaController   : Message came for publish is :{"id":null,"employeeId":null,"name":"samrat.basu01@infosys.com","email":"samrat.basu01@infosys.com","date":0,"istask":null,"category":null,"appreciation":null,"course":null,"feedback":null,"task":null}
2020-06-20 15:55:27.084  INFO 39488 --- [http-nio-9000-exec-7] com.infy.org.kafka.service.Producer      : $$ -> Producing message --> {"id":null,"employeeId":null,"name":"samrat.basu01@infosys.com","email":"samrat.basu01@infosys.com","date":0,"istask":null,"category":null,"appreciation":null,"course":null,"feedback":null,"task":null}
2020-06-20 15:55:27.085  INFO 39488 --- [http-nio-9000-exec-7] com.infy.org.kafka.service.Producer      : topic name :jiratask
2020-06-20 15:55:27.091  INFO 39488 --- [org.springframework.kafka.KafkaListenerEndpointContainer#4-0-C-1] com.infy.org.kafka.service.Consumer      : Inside consumer service Jira Task.
2020-06-20 15:55:27.091  INFO 39488 --- [org.springframework.kafka.KafkaListenerEndpointContainer#4-0-C-1] com.infy.org.kafka.mail.Processor        : Inside parser payload
2020-06-20 15:55:27.092  INFO 39488 --- [org.springframework.kafka.KafkaListenerEndpointContainer#4-0-C-1] com.infy.org.kafka.mail.Processor        : parent course receiver emails :samrat.basu01@infosys.com
2020-06-20 15:55:27.093  INFO 39488 --- [org.springframework.kafka.KafkaListenerEndpointContainer#4-0-C-1] com.infy.org.kafka.mail.Processor        : Sending emails to : samrat.basu01@infosys.com name :samrat.basu01@infosys.com Sent from :
2020-06-20 15:55:30.816  INFO 39488 --- [org.springframework.kafka.KafkaListenerEndpointContainer#4-0-C-1] com.infy.org.kafka.service.Consumer      : $$ -> Message Consumed and email sent successful for this message -> {"id":null,"employeeId":null,"name":"samrat.basu01@infosys.com","email":"samrat.basu01@infosys.com","date":0,"istask":null,"category":null,"appreciation":null,"course":null,"feedback":null,"task":null}
2020-06-20 15:58:04.689  INFO 39488 --- [http-nio-9000-exec-9] c.i.o.kafka.controller.KafkaController   : Message came for publish is :{"id":null,"employeeId":null,"name":"samtina.basu@gmail.com","email":"samtina.basu@gmail.com","date":0,"istask":null,"category":null,"appreciation":null,"course":null,"feedback":null,"task":null}
2020-06-20 15:58:04.689  INFO 39488 --- [http-nio-9000-exec-9] com.infy.org.kafka.service.Producer      : $$ -> Producing message --> {"id":null,"employeeId":null,"name":"samtina.basu@gmail.com","email":"samtina.basu@gmail.com","date":0,"istask":null,"category":null,"appreciation":null,"course":null,"feedback":null,"task":null}
2020-06-20 15:58:04.689  INFO 39488 --- [http-nio-9000-exec-9] com.infy.org.kafka.service.Producer      : topic name :jiratask
2020-06-20 15:58:04.693  INFO 39488 --- [org.springframework.kafka.KafkaListenerEndpointContainer#4-0-C-1] com.infy.org.kafka.service.Consumer      : Inside consumer service Jira Task.
2020-06-20 15:58:04.694  INFO 39488 --- [org.springframework.kafka.KafkaListenerEndpointContainer#4-0-C-1] com.infy.org.kafka.mail.Processor        : Inside parser payload
2020-06-20 15:58:04.695  INFO 39488 --- [org.springframework.kafka.KafkaListenerEndpointContainer#4-0-C-1] com.infy.org.kafka.mail.Processor        : parent course receiver emails :samtina.basu@gmail.com
2020-06-20 15:58:04.695  INFO 39488 --- [org.springframework.kafka.KafkaListenerEndpointContainer#4-0-C-1] com.infy.org.kafka.mail.Processor        : Sending emails to : samtina.basu@gmail.com name :samtina.basu@gmail.com Sent from :
2020-06-20 15:58:08.295  INFO 39488 --- [org.springframework.kafka.KafkaListenerEndpointContainer#4-0-C-1] com.infy.org.kafka.service.Consumer      : $$ -> Message Consumed and email sent successful for this message -> {"id":null,"employeeId":null,"name":"samtina.basu@gmail.com","email":"samtina.basu@gmail.com","date":0,"istask":null,"category":null,"appreciation":null,"course":null,"feedback":null,"task":null}
